
(budgie-panel:27922): GLib-CRITICAL **: 02:55:06.021: g_file_test: assertion 'filename != NULL' failed

(budgie-panel:27922): GLib-GObject-WARNING **: 02:55:06.186: ../../../gobject/gsignal.c:1763: parameter 1 of type 'SynapseResultSet' for signal "SynapseDataSink::search-done" is not a value type

(budgie-panel:27922): GLib-CRITICAL **: 02:55:06.198: g_file_test: assertion 'filename != NULL' failed

** (budgie-panel:27922): CRITICAL **: 02:55:06.255: Client.vala:88: Initializing client failed

(budgie-panel:27922): Indicator-Applet-WARNING **: 02:55:06.448: unable to open indicator service file directory: Error opening directory “/usr/share/unity/indicators”: No such file or directory
** Message: 02:55:07.045: libsession.vala:50: DESKTOP_AUTOSTART_ID not set, session registration may be broken (not running budgie-desktop?)
** Message: 02:55:07.079: DBusService.vala:64: Service registration succeeded

** (budgie-panel:27922): WARNING **: 02:55:07.083: relevancy-backend-zg.vala:56: Unable to check Zeitgeist data sources: GDBus.Error:org.freedesktop.DBus.Error.ServiceUnknown: The name org.gnome.zeitgeist.Engine was not provided by any .service files

** (budgie-panel:27922): WARNING **: 02:55:07.159: relevancy-backend-zg.vala:113: GDBus.Error:org.freedesktop.DBus.Error.ServiceUnknown: The name org.gnome.zeitgeist.Engine was not provided by any .service files

** (budgie-panel:27922): WARNING **: 02:55:07.159: relevancy-backend-zg.vala:197: GDBus.Error:org.freedesktop.DBus.Error.ServiceUnknown: The name org.gnome.zeitgeist.Engine was not provided by any .service files

(budgie-panel:27922): LIBDBUSMENU-GLIB-WARNING **: 03:01:46.956: Unable to replace properties on 0: Error getting properties for ID

(budgie-panel:27922): LIBDBUSMENU-GTK-WARNING **: 03:01:46.957: Children but no menu, someone's been naughty with their 'children-display' property: 'submenu'

(budgie-panel:27922): LIBDBUSMENU-GTK-WARNING **: 03:01:46.958: Children but no menu, someone's been naughty with their 'children-display' property: 'submenu'

(budgie-panel:27922): LIBDBUSMENU-GTK-WARNING **: 03:01:46.959: Children but no menu, someone's been naughty with their 'children-display' property: 'submenu'

(budgie-panel:27922): LIBDBUSMENU-GLIB-WARNING **: 03:01:47.000: Group Properties error: GDBus.Error:org.freedesktop.DBus.Error.UnknownObject: No such object path '/MenuBar'

(budgie-panel:27922): LIBDBUSMENU-GLIB-WARNING **: 03:01:47.000: Unable to replace properties on 0: GDBus.Error:org.freedesktop.DBus.Error.UnknownObject: No such object path '/MenuBar'

(budgie-panel:27922): LIBDBUSMENU-GLIB-WARNING **: 03:01:47.000: Group Properties error: GDBus.Error:org.freedesktop.DBus.Error.UnknownObject: No such object path '/MenuBar'
no icon
File does not exist
incorrect input: no integer